number,value,state,params_colsample_bytree,params_gamma,params_learning_rate,params_max_depth,params_min_child_weight,params_n_estimators,params_reg_alpha,params_reg_lambda,params_subsample,duration
0,0.8813151041666666,COMPLETE,0.5779972601681014,3.005575058716044,0.2536999076681771,5,6.009974718380312,350,2.915443189153755,0.0017073967431528124,0.6624074561769746,0 days 00:00:01.382363
1,0.8864211309523811,COMPLETE,0.5909124836035503,2.6237821581611893,0.010725209743171997,6,12.10689693600216,600,0.016480446427978974,0.00541524411940254,0.6849356442713105,0 days 00:00:06.264442
2,0.8833240327380952,COMPLETE,0.6831809216468459,0.9983689107917987,0.02692655251486473,5,1.5187479226722465,400,1.3826232179369866,0.06672367170464209,0.7168578594140872,0 days 00:00:04.051879
3,0.8835162450396826,COMPLETE,0.5325257964926398,4.041986740582305,0.07500118950416987,2,6.172115948107071,450,7.286653737491043,6.24513957474307,0.6682096494749166,0 days 00:00:01.567930
4,0.8849981398809523,COMPLETE,0.7475884550556351,1.2938999080000846,0.013940346079873234,5,3.738105868191796,300,4.33792069749094,0.0013726318898045872,0.6488152939379115,0 days 00:00:03.017915
5,0.8840975322420637,COMPLETE,0.9847923138822793,4.474136752138244,0.028869220380495747,4,5.143828405076927,550,5.727904470799624,1.2604664585649463,0.6739417822102108,0 days 00:00:02.558405
6,0.8730050223214285,COMPLETE,0.6626651653816322,4.143687545759647,0.22999586428143734,2,1.7987863473362906,500,0.01217295809836997,0.03586816498627549,0.6180909155642152,0 days 00:00:01.828913
7,0.8867265004960319,COMPLETE,0.5372753218398854,0.993578407670862,0.026000059117302653,4,1.5252697030515172,350,1.227380098785297,8.862326508576256,0.9208787923016158,0 days 00:00:02.907111
8,0.8852120535714286,COMPLETE,0.5370223258670452,4.315517129377968,0.16015312171361207,5,8.880965698768717,100,0.0029072088906598446,0.02715581955282941,0.9085081386743783,0 days 00:00:00.625601
9,0.8872845362103174,COMPLETE,0.864803089169032,2.3610746258097466,0.030816017044468066,2,2.5386178456500557,550,3.538758864779242,0.3550012525851162,0.7300733288106988,0 days 00:00:02.441186
10,0.8865358382936508,COMPLETE,0.7461698699666761,1.8246202257561879,0.07357891599405997,2,2.4416614235038545,650,3.7251293972388897,0.535370237006859,0.7842470720977502,0 days 00:00:02.382606
11,0.8855096726190477,COMPLETE,0.7663674448916151,1.4837587893901971,0.04881870650105379,5,2.67642143443676,350,2.921893659166061,8.040243525983053,0.9883617766614945,0 days 00:00:02.033561
12,0.8827210441468253,COMPLETE,0.8533994866205451,1.6997098842113012,0.03544794982222456,2,1.1309231665290904,250,9.097120843148822,1.462690450342219,0.9041621812908279,0 days 00:00:01.305834
13,0.8854476686507937,COMPLETE,0.9436489589204337,2.664988426331786,0.03515568672661824,3,2.5347093280602415,400,0.4331647694022826,0.04316544559853266,0.8557411071900367,0 days 00:00:02.248711
14,0.8803013392857142,PRUNED,0.5524800159562863,0.8599770081950664,0.03733508392663073,3,2.0443651157648,600,0.33287841787592126,4.692137138572509,0.9120184788766895,0 days 00:00:01.530147
15,0.8856956845238095,COMPLETE,0.6055820664030435,1.3467498355354621,0.013545237137681992,5,1.369539389514988,300,0.11176862486772984,4.9128036628585345,0.9792536918446574,0 days 00:00:03.076786
16,0.8851174975198413,COMPLETE,0.6978984351667341,1.9994715624943207,0.0254226013364634,4,3.248610756318676,650,1.7100840891707314,0.2553824480514996,0.6758754451275857,0 days 00:00:04.284253
17,0.8853779141865079,PRUNED,0.5465655206174036,1.3462670015687679,0.024531404854460433,5,3.1646653015609685,350,6.608609328110736,9.66690673392915,0.8054689490621525,0 days 00:00:01.873512
18,0.8863823784722221,COMPLETE,0.8221604804354093,1.5783908267378841,0.02116265691516161,3,3.014243594229386,400,1.8535464195869538,1.7493506257242077,0.7613683439090619,0 days 00:00:02.814209
19,0.8821692088293651,PRUNED,0.7243994162129828,0.8182290667911761,0.011186767087147729,5,1.3272354295072017,450,0.37386658935908484,0.7284692370989783,0.8745468137160136,0 days 00:00:01.934801
20,0.8848477802579365,COMPLETE,0.8026339998003799,2.7787962711483236,0.04037995743733732,3,4.371873004305658,650,1.9164960021173878,0.8799062633510477,0.6017681122362974,0 days 00:00:03.208674
21,0.8801347036210316,PRUNED,0.9019082213758951,2.8222473478857046,0.09616223375248045,3,2.6573898911972442,550,1.7928575949449217,0.20141604382809053,0.7231945719866499,0 days 00:00:00.871896
22,0.8822970920138888,PRUNED,0.5662924844335462,1.5625260663446758,0.0385677807487913,6,2.144025370650535,450,0.8523054178608871,6.140382663738867,0.8558158947197246,0 days 00:00:01.367289
23,0.885452835648148,PRUNED,0.7792546766633808,3.0783827963166575,0.13257929503440025,2,2.3570013757258614,650,6.968368655098898,0.8585687679331809,0.8386602200230695,0 days 00:00:01.172670
24,0.885396515376984,COMPLETE,0.8995614583515137,2.1726207704835283,0.09572530542441306,2,5.102663413432733,600,5.145256991087395,1.2695730270502512,0.6948703716120392,0 days 00:00:02.051021
25,0.8846695188492063,COMPLETE,0.9486080726796535,2.1121182351124874,0.022048459855987714,2,1.6451274748374884,500,6.984088702717767,0.6734333433352931,0.7309442268344105,0 days 00:00:02.401858
26,0.8866675967261906,COMPLETE,0.8447337963137007,1.8276702547812504,0.026875182064408473,2,2.757351212284394,750,5.412984239682611,0.04174595269834398,0.8202417119037198,0 days 00:00:03.129002
27,0.8852244543650795,COMPLETE,0.9039828454177297,2.4634799668686527,0.02617998408540961,2,2.149887342555029,650,5.7495316128831995,0.06449930713862696,0.8728147888124324,0 days 00:00:02.667580
28,0.8832232762896824,PRUNED,0.6569111066985893,0.9475880801345127,0.014433146324838182,3,1.5123401516715658,250,0.8704683755219328,5.635970620892459,0.8722077493185546,0 days 00:00:01.052144
29,0.8824947296626984,PRUNED,0.8709232395043022,1.7002202522766408,0.05022821452896978,2,1.5030468751213182,500,1.399216973305248,0.17082153291309465,0.7501102318176582,0 days 00:00:00.991891
30,0.8865838913690476,COMPLETE,0.7667485779868723,2.608378034728132,0.03852895739364361,2,2.1181141151736718,500,3.914115797229279,0.28086084314220505,0.7635763565505395,0 days 00:00:02.112615
31,0.8867513020833334,COMPLETE,0.8381289405891464,1.9896017143673987,0.029479611035677596,2,2.6142742659147236,600,0.8244357377353171,0.20947922009968625,0.7344963094620366,0 days 00:00:02.970694
32,0.8853934151785715,PRUNED,0.8611069927112563,3.473781611649704,0.03330604299374669,2,3.3077220284074316,550,9.194533340864554,0.15492488515304417,0.7328775150587554,0 days 00:00:01.279254
33,0.8825916108630951,PRUNED,0.793774231950132,1.778594912560063,0.03526431204175883,2,3.2809749640769437,600,0.5477578936122786,0.02347912408376072,0.7888354987555797,0 days 00:00:01.167532
34,0.8851066468253969,COMPLETE,0.7802574203574562,2.8766155089648393,0.04455085206771428,2,1.8614220316792638,550,6.670111779008247,0.006328177789377633,0.7390726948845532,0 days 00:00:02.069981
35,0.8860878596230158,COMPLETE,0.826672061082116,1.8146011959011046,0.024759923475829733,2,3.3200417977948122,600,5.766794741212005,0.04200957521027169,0.7877961453781303,0 days 00:00:02.695918
36,0.8859700520833333,COMPLETE,0.8599470798253653,2.3348389616330607,0.029452853231051093,2,3.4397658724807685,800,5.399355296660202,0.10973109402912024,0.826503214904358,0 days 00:00:03.074709
37,0.8848074776785714,COMPLETE,0.7987094228071062,2.351900631000533,0.026728788587860805,2,1.7325244510259694,650,6.974894707243382,0.29634843964291796,0.7682012257550397,0 days 00:00:02.666578
38,0.8867203000992063,COMPLETE,0.7956439891036438,1.4506723481574217,0.02501279694261538,2,2.2478291306276814,600,3.9961328991700658,0.07859531404590878,0.8110877727854051,0 days 00:00:02.845206
39,0.8811848958333333,PRUNED,0.8098144692849399,1.1588129840087669,0.029411359819710818,3,1.7870804720790499,600,1.149397369263206,0.5769381540265391,0.792406198738925,0 days 00:00:01.546892
40,0.8860739087301587,COMPLETE,0.9199624583237564,2.8695791295625757,0.027306131637103766,2,2.602490122727429,600,1.4242361543129776,0.08436031596687299,0.645276130584356,0 days 00:00:02.803554
41,0.8866675967261906,COMPLETE,0.8429034564049188,2.142861048529859,0.03642669273803997,2,2.8983041508182548,800,2.6912116006127214,0.018224646487441553,0.8649424461658958,0 days 00:00:03.065309
42,0.8867404513888889,COMPLETE,0.8529564413730808,1.7670940699752802,0.015248487342599861,2,2.0940884346814,700,1.9163117535073373,0.022408415074211985,0.8263528247795504,0 days 00:00:03.411021
43,0.8871713789682542,COMPLETE,0.8314896445374836,1.9083506337312237,0.027916658788809563,2,2.780816771549267,450,0.7730935727056473,0.3000162391706296,0.6736774273145725,0 days 00:00:02.243119
44,0.8866582961309526,COMPLETE,0.8050007853399009,2.0142844795132113,0.038712902145353625,2,2.587050887995776,600,2.3826545696449726,0.011340374644244013,0.7296891361878137,0 days 00:00:02.660537
45,0.8854368179563492,COMPLETE,0.8415379957949125,1.7985215657845035,0.043044646391587164,2,2.7078296219874645,500,3.040296715986447,0.22734967929401725,0.6530879169170754,0 days 00:00:02.342146
46,0.8866644965277779,COMPLETE,0.805058924455933,2.123838154713549,0.025950718003962262,2,2.0173235202188105,550,0.46612400513583585,1.9457233441007011,0.7567143316883526,0 days 00:00:02.684848
47,0.8864149305555555,COMPLETE,0.7650889881844561,2.1606542696580195,0.029211325325800237,2,2.0212499052462913,550,1.0231009776124005,0.06816088419378954,0.6719341681425224,0 days 00:00:02.680306
48,0.8870582217261905,COMPLETE,0.8337212295941729,2.128325294743636,0.02200698453443076,2,1.7870881330686226,550,1.6368336059095392,0.005787735012754643,0.7877903883947164,0 days 00:00:02.707028
49,0.8864939856150794,COMPLETE,0.792803230241012,2.307469904344022,0.0230251428117323,2,3.7870134059225737,650,4.675679790558933,1.3063506189826135,0.6919676016228842,0 days 00:00:02.897649
50,0.8871651785714286,COMPLETE,0.82991972605799,1.766915396336619,0.019835230626293603,2,2.2754377680009203,700,1.6182358730605817,0.12134729910828942,0.7316588275621302,0 days 00:00:03.383065
51,0.8857669890873016,COMPLETE,0.7944404353917415,2.1503804451311876,0.010962933725818764,2,2.8288719039893997,700,1.5038290532838765,0.15737765572903542,0.7423885222119597,0 days 00:00:03.399020
52,0.8830837673611112,PRUNED,0.8365236874365372,2.229324994654277,0.033501454723815445,2,2.9638965387229126,600,0.809884821706767,0.14496853951995778,0.7664822466207831,0 days 00:00:01.141649
53,0.8823125930059523,PRUNED,0.8275065834466582,2.1586493706833414,0.03102607239053803,2,3.4090540510925753,550,0.47652967704940835,0.17725318188364453,0.664839271099498,0 days 00:00:01.100188
54,0.8870954241071429,COMPLETE,0.7743336361367265,2.4184705972745135,0.026658884715612813,2,1.977073971820267,600,1.9179227766877183,0.10966526112252224,0.7768024987624785,0 days 00:00:02.757661
55,0.886114211309524,COMPLETE,0.9275394930790822,2.1514570432210536,0.026561788142636013,2,2.974320773311986,450,4.136805425021241,0.16519472134969188,0.6942223354173209,0 days 00:00:02.186959
56,0.886270771329365,COMPLETE,0.8252815553204048,2.3149435467948636,0.04131609874421672,2,1.451381383339811,600,6.124538844494057,0.3177357291820619,0.7467687872224922,0 days 00:00:02.327721
57,0.8861808655753969,COMPLETE,0.8408456373831902,2.1752475929125694,0.028343665334774715,2,2.3530232136034708,650,3.664428439599595,0.2227399985757984,0.6384635528547379,0 days 00:00:02.894910
58,0.8876203910383599,PRUNED,0.8517733949534393,2.791298284290216,0.024572724994216852,2,3.5881980272941707,500,3.899607191285011,0.2716353506783378,0.7515216324587926,0 days 00:00:01.417181
59,0.8863792782738095,COMPLETE,0.811686204367352,1.7837653564430709,0.05040483853825383,2,2.9004034195097677,500,3.9566544346948493,0.08167417322433192,0.698990677296165,0 days 00:00:02.162899
